<?xml version="1.0" encoding="UTF-8"?>
<testng-results ignored="0" total="6" passed="6" failed="0" skipped="0">
  <reporter-output>
  </reporter-output>
  <suite started-at="2026-04-24T05:09:34 IST" name="AutoHealingSuite" finished-at="2026-04-24T05:10:20 IST" duration-ms="45398">
    <groups>
    </groups>
    <test started-at="2026-04-24T05:09:34 IST" name="AutoHealingTests" finished-at="2026-04-24T05:10:20 IST" duration-ms="45398">
      <class name="com.autoramming.tests.examples.SelfHealingExampleTest">
        <test-method is-config="true" signature="setUp()[pri:0, instance:com.autoramming.tests.examples.SelfHealingExampleTest@16612a51]" started-at="2026-04-24T05:09:48 IST" name="setUp" finished-at="2026-04-24T05:09:49 IST" duration-ms="968" status="PASS">
          <reporter-output>
          </reporter-output>
        </test-method> <!-- setUp -->
        <test-method signature="testDirectElementFinding()[pri:0, instance:com.autoramming.tests.examples.SelfHealingExampleTest@16612a51]" started-at="2026-04-24T05:09:49 IST" name="testDirectElementFinding" description="Example 3: Direct Element Finding with Self-Healing" finished-at="2026-04-24T05:09:55 IST" duration-ms="6041" status="PASS">
          <reporter-output>
          </reporter-output>
        </test-method> <!-- testDirectElementFinding -->
        <test-method is-config="true" signature="tearDown()[pri:0, instance:com.autoramming.tests.examples.SelfHealingExampleTest@16612a51]" started-at="2026-04-24T05:09:55 IST" name="tearDown" finished-at="2026-04-24T05:09:55 IST" duration-ms="268" status="PASS">
          <reporter-output>
          </reporter-output>
        </test-method> <!-- tearDown -->
        <test-method is-config="true" signature="setUp()[pri:0, instance:com.autoramming.tests.examples.SelfHealingExampleTest@16612a51]" started-at="2026-04-24T05:09:55 IST" name="setUp" finished-at="2026-04-24T05:09:56 IST" duration-ms="828" status="PASS">
          <reporter-output>
          </reporter-output>
        </test-method> <!-- setUp -->
        <test-method signature="testLocatorManagerUtilities()[pri:0, instance:com.autoramming.tests.examples.SelfHealingExampleTest@16612a51]" started-at="2026-04-24T05:09:56 IST" name="testLocatorManagerUtilities" description="Example 5: Locator Manager Utilities" finished-at="2026-04-24T05:09:56 IST" duration-ms="12" status="PASS">
          <reporter-output>
          </reporter-output>
        </test-method> <!-- testLocatorManagerUtilities -->
        <test-method is-config="true" signature="tearDown()[pri:0, instance:com.autoramming.tests.examples.SelfHealingExampleTest@16612a51]" started-at="2026-04-24T05:09:56 IST" name="tearDown" finished-at="2026-04-24T05:09:56 IST" duration-ms="253" status="PASS">
          <reporter-output>
          </reporter-output>
        </test-method> <!-- tearDown -->
        <test-method is-config="true" signature="setUp()[pri:0, instance:com.autoramming.tests.examples.SelfHealingExampleTest@16612a51]" started-at="2026-04-24T05:09:56 IST" name="setUp" finished-at="2026-04-24T05:09:57 IST" duration-ms="858" status="PASS">
          <reporter-output>
          </reporter-output>
        </test-method> <!-- setUp -->
        <test-method signature="testLoginWithSelfHealing()[pri:0, instance:com.autoramming.tests.examples.SelfHealingExampleTest@16612a51]" started-at="2026-04-24T05:09:57 IST" name="testLoginWithSelfHealing" description="Example 1: Login with Self-Healing" finished-at="2026-04-24T05:10:06 IST" duration-ms="8522" status="PASS">
          <reporter-output>
          </reporter-output>
        </test-method> <!-- testLoginWithSelfHealing -->
        <test-method is-config="true" signature="tearDown()[pri:0, instance:com.autoramming.tests.examples.SelfHealingExampleTest@16612a51]" started-at="2026-04-24T05:10:06 IST" name="tearDown" finished-at="2026-04-24T05:10:06 IST" duration-ms="381" status="PASS">
          <reporter-output>
          </reporter-output>
        </test-method> <!-- tearDown -->
        <test-method is-config="true" signature="setUp()[pri:0, instance:com.autoramming.tests.examples.SelfHealingExampleTest@16612a51]" started-at="2026-04-24T05:10:06 IST" name="setUp" finished-at="2026-04-24T05:10:07 IST" duration-ms="990" status="PASS">
          <reporter-output>
          </reporter-output>
        </test-method> <!-- setUp -->
        <test-method signature="testSafeClickWithSelfHealing()[pri:0, instance:com.autoramming.tests.examples.SelfHealingExampleTest@16612a51]" started-at="2026-04-24T05:10:07 IST" name="testSafeClickWithSelfHealing" description="Example 2: Safe Click with Self-Healing" finished-at="2026-04-24T05:10:12 IST" duration-ms="5366" status="PASS">
          <reporter-output>
          </reporter-output>
        </test-method> <!-- testSafeClickWithSelfHealing -->
        <test-method is-config="true" signature="tearDown()[pri:0, instance:com.autoramming.tests.examples.SelfHealingExampleTest@16612a51]" started-at="2026-04-24T05:10:12 IST" name="tearDown" finished-at="2026-04-24T05:10:13 IST" duration-ms="220" status="PASS">
          <reporter-output>
          </reporter-output>
        </test-method> <!-- tearDown -->
        <test-method is-config="true" signature="setUp()[pri:0, instance:com.autoramming.tests.examples.SelfHealingExampleTest@16612a51]" started-at="2026-04-24T05:10:13 IST" name="setUp" finished-at="2026-04-24T05:10:14 IST" duration-ms="882" status="PASS">
          <reporter-output>
          </reporter-output>
        </test-method> <!-- setUp -->
        <test-method signature="testSelfHealingRecovery()[pri:0, instance:com.autoramming.tests.examples.SelfHealingExampleTest@16612a51]" started-at="2026-04-24T05:10:14 IST" name="testSelfHealingRecovery" description="Example 4: Self-Healing Recovery Process" finished-at="2026-04-24T05:10:19 IST" duration-ms="5613" status="PASS">
          <reporter-output>
          </reporter-output>
        </test-method> <!-- testSelfHealingRecovery -->
        <test-method is-config="true" signature="tearDown()[pri:0, instance:com.autoramming.tests.examples.SelfHealingExampleTest@16612a51]" started-at="2026-04-24T05:10:19 IST" name="tearDown" finished-at="2026-04-24T05:10:20 IST" duration-ms="601" status="PASS">
          <reporter-output>
          </reporter-output>
        </test-method> <!-- tearDown -->
      </class> <!-- com.autoramming.tests.examples.SelfHealingExampleTest -->
      <class name="com.autoramming.tests.LoginSauceTest">
        <test-method is-config="true" signature="setUp()[pri:0, instance:com.autoramming.tests.LoginSauceTest@5be1d0a4]" started-at="2026-04-24T05:09:34 IST" name="setUp" finished-at="2026-04-24T05:09:39 IST" duration-ms="4815" status="PASS">
          <reporter-output>
          </reporter-output>
        </test-method> <!-- setUp -->
        <test-method signature="testSample()[pri:0, instance:com.autoramming.tests.LoginSauceTest@5be1d0a4]" started-at="2026-04-24T05:09:39 IST" name="testSample" finished-at="2026-04-24T05:09:48 IST" duration-ms="8464" status="PASS">
          <reporter-output>
          </reporter-output>
        </test-method> <!-- testSample -->
        <test-method is-config="true" signature="tearDown()[pri:0, instance:com.autoramming.tests.LoginSauceTest@5be1d0a4]" started-at="2026-04-24T05:09:48 IST" name="tearDown" finished-at="2026-04-24T05:09:48 IST" duration-ms="233" status="PASS">
          <reporter-output>
          </reporter-output>
        </test-method> <!-- tearDown -->
      </class> <!-- com.autoramming.tests.LoginSauceTest -->
    </test> <!-- AutoHealingTests -->
  </suite> <!-- AutoHealingSuite -->
</testng-results>
