<?xml version="1.0" encoding="UTF-8"?>
<!-- Generated by org.testng.reporters.JUnitXMLReporter -->
<testsuite ignored="0" hostname="DESKTOP-FMU907A" failures="0" tests="6" name="AutoHealingTests" time="45.398" errors="0" timestamp="2026-04-24T05:10:20 IST">
  <testcase classname="com.autoramming.tests.LoginSauceTest" name="testSample" time="8.464"/>
  <testcase classname="com.autoramming.tests.examples.SelfHealingExampleTest" name="testDirectElementFinding" time="6.041"/>
  <testcase classname="com.autoramming.tests.examples.SelfHealingExampleTest" name="testLocatorManagerUtilities" time="0.012"/>
  <testcase classname="com.autoramming.tests.examples.SelfHealingExampleTest" name="testLoginWithSelfHealing" time="8.522"/>
  <testcase classname="com.autoramming.tests.examples.SelfHealingExampleTest" name="testSafeClickWithSelfHealing" time="5.366"/>
  <testcase classname="com.autoramming.tests.examples.SelfHealingExampleTest" name="testSelfHealingRecovery" time="5.613"/>
</testsuite> <!-- AutoHealingTests -->
