<?xml version="1.0" encoding="UTF-8"?>
<!-- Generated by org.testng.reporters.JUnitReportReporter -->
<testsuite hostname="DESKTOP-FMU907A" failures="0" tests="5" name="com.autoramming.tests.examples.SelfHealingExampleTest" time="31.803" errors="0" timestamp="2026-04-24T05:10:20 IST" skipped="0">
  <testcase classname="com.autoramming.tests.examples.SelfHealingExampleTest" name="testSelfHealingRecovery" time="6.822"/>
  <testcase classname="com.autoramming.tests.examples.SelfHealingExampleTest" name="testLocatorManagerUtilities" time="1.248"/>
  <testcase classname="com.autoramming.tests.examples.SelfHealingExampleTest" name="testLoginWithSelfHealing" time="9.624"/>
  <testcase classname="com.autoramming.tests.examples.SelfHealingExampleTest" name="testDirectElementFinding" time="7.284"/>
  <testcase classname="com.autoramming.tests.examples.SelfHealingExampleTest" name="testSafeClickWithSelfHealing" time="6.825"/>
</testsuite> <!-- com.autoramming.tests.examples.SelfHealingExampleTest -->
